{"/Users/agiammarchi/git/hyperHTML-Element/test.js":{"path":"/Users/agiammarchi/git/hyperHTML-Element/test.js","s":{"1":1,"2":1,"3":1,"4":1,"5":1,"6":1,"7":1,"8":1,"9":1,"10":1,"11":1,"12":1,"13":1,"14":1,"15":1,"16":1,"17":1,"18":1,"19":1,"20":1,"21":1,"22":1,"23":2,"24":1,"25":1,"26":1,"27":1,"28":1,"29":1,"30":1,"31":1,"32":1,"33":1,"34":1,"35":1,"36":1,"37":1,"38":1,"39":1,"40":1,"41":1,"42":1,"43":1,"44":1,"45":1,"46":1,"47":1,"48":1,"49":1,"50":1,"51":2,"52":6,"53":1,"54":1,"55":1,"56":1,"57":1,"58":1,"59":1,"60":1,"61":1,"62":1,"63":1,"64":1,"65":1,"66":1,"67":1,"68":1,"69":1,"70":1,"71":1,"72":1,"73":1,"74":1,"75":1,"76":1,"77":2,"78":1,"79":1,"80":1,"81":1,"82":1,"83":1,"84":1,"85":1,"86":1,"87":1,"88":1,"89":1,"90":1,"91":1,"92":1,"93":1,"94":1,"95":1,"96":1,"97":1,"98":1,"99":1,"100":1,"101":1,"102":1,"103":1,"104":1,"105":1,"106":1,"107":1,"108":1,"109":1,"110":1,"111":1,"112":1,"113":2,"114":1,"115":1,"116":1,"117":1,"118":1,"119":1,"120":1,"121":1,"122":1,"123":3,"124":1,"125":1,"126":1,"127":1,"128":1,"129":1,"130":1,"131":1,"132":1,"133":1,"134":2,"135":1,"136":1,"137":1,"138":1,"139":1,"140":1,"141":1,"142":1,"143":1,"144":1,"145":1,"146":1,"147":1,"148":1,"149":1,"150":1,"151":1,"152":1,"153":1,"154":1,"155":1,"156":1,"157":1,"158":1,"159":1,"160":1,"161":1,"162":1,"163":1,"164":1,"165":1,"166":1,"167":1,"168":1,"169":1,"170":1,"171":1,"172":1,"173":1},"b":{"1":[1,1],"2":[1,1],"3":[1,1],"4":[1,1],"5":[1,1],"6":[1,1],"7":[1,1]},"f":{"1":1,"2":1,"3":1,"4":1,"5":1,"6":1,"7":1,"8":1,"9":2,"10":1,"11":1,"12":1,"13":1,"14":1,"15":2,"16":6,"17":1,"18":1,"19":1,"20":1,"21":2,"22":1,"23":1,"24":1,"25":1,"26":1,"27":1,"28":1,"29":1,"30":2,"31":1,"32":3,"33":1,"34":2,"35":1,"36":1,"37":1,"38":1,"39":1},"fnMap":{"1":{"name":"(anonymous_1)","line":19,"loc":{"start":{"line":19,"column":30},"end":{"line":19,"column":33}}},"2":{"name":"(anonymous_2)","line":23,"loc":{"start":{"line":23,"column":13},"end":{"line":23,"column":16}}},"3":{"name":"(anonymous_3)","line":25,"loc":{"start":{"line":25,"column":31},"end":{"line":25,"column":34}}},"4":{"name":"(anonymous_4)","line":29,"loc":{"start":{"line":29,"column":13},"end":{"line":29,"column":23}}},"5":{"name":"(anonymous_5)","line":35,"loc":{"start":{"line":35,"column":17},"end":{"line":35,"column":20}}},"6":{"name":"(anonymous_6)","line":40,"loc":{"start":{"line":40,"column":9},"end":{"line":40,"column":12}}},"7":{"name":"(anonymous_7)","line":44,"loc":{"start":{"line":44,"column":26},"end":{"line":44,"column":29}}},"8":{"name":"(anonymous_8)","line":48,"loc":{"start":{"line":48,"column":19},"end":{"line":48,"column":22}}},"9":{"name":"(anonymous_9)","line":52,"loc":{"start":{"line":52,"column":8},"end":{"line":52,"column":11}}},"10":{"name":"(anonymous_10)","line":70,"loc":{"start":{"line":70,"column":11},"end":{"line":70,"column":23}}},"11":{"name":"(anonymous_11)","line":72,"loc":{"start":{"line":72,"column":11},"end":{"line":72,"column":23}}},"12":{"name":"(anonymous_12)","line":94,"loc":{"start":{"line":94,"column":32},"end":{"line":94,"column":35}}},"13":{"name":"(anonymous_13)","line":98,"loc":{"start":{"line":98,"column":33},"end":{"line":98,"column":36}}},"14":{"name":"(anonymous_14)","line":102,"loc":{"start":{"line":102,"column":13},"end":{"line":102,"column":16}}},"15":{"name":"(anonymous_15)","line":106,"loc":{"start":{"line":106,"column":13},"end":{"line":106,"column":21}}},"16":{"name":"(anonymous_16)","line":110,"loc":{"start":{"line":110,"column":28},"end":{"line":110,"column":31}}},"17":{"name":"(anonymous_17)","line":142,"loc":{"start":{"line":142,"column":33},"end":{"line":142,"column":36}}},"18":{"name":"(anonymous_18)","line":145,"loc":{"start":{"line":145,"column":11},"end":{"line":145,"column":14}}},"19":{"name":"(anonymous_19)","line":148,"loc":{"start":{"line":148,"column":28},"end":{"line":148,"column":31}}},"20":{"name":"(anonymous_20)","line":156,"loc":{"start":{"line":156,"column":11},"end":{"line":156,"column":14}}},"21":{"name":"(anonymous_21)","line":157,"loc":{"start":{"line":157,"column":21},"end":{"line":157,"column":24}}},"22":{"name":"(anonymous_22)","line":169,"loc":{"start":{"line":169,"column":11},"end":{"line":169,"column":14}}},"23":{"name":"(anonymous_23)","line":178,"loc":{"start":{"line":178,"column":33},"end":{"line":178,"column":36}}},"24":{"name":"(anonymous_24)","line":181,"loc":{"start":{"line":181,"column":28},"end":{"line":181,"column":31}}},"25":{"name":"(anonymous_25)","line":193,"loc":{"start":{"line":193,"column":13},"end":{"line":193,"column":41}}},"26":{"name":"(anonymous_26)","line":208,"loc":{"start":{"line":208,"column":33},"end":{"line":208,"column":36}}},"27":{"name":"(anonymous_27)","line":211,"loc":{"start":{"line":211,"column":11},"end":{"line":211,"column":14}}},"28":{"name":"(anonymous_28)","line":224,"loc":{"start":{"line":224,"column":32},"end":{"line":224,"column":35}}},"29":{"name":"(anonymous_29)","line":227,"loc":{"start":{"line":227,"column":15},"end":{"line":227,"column":18}}},"30":{"name":"(anonymous_30)","line":241,"loc":{"start":{"line":241,"column":11},"end":{"line":241,"column":14}}},"31":{"name":"(anonymous_31)","line":242,"loc":{"start":{"line":242,"column":11},"end":{"line":242,"column":14}}},"32":{"name":"(anonymous_32)","line":259,"loc":{"start":{"line":259,"column":20},"end":{"line":259,"column":23}}},"33":{"name":"(anonymous_33)","line":260,"loc":{"start":{"line":260,"column":11},"end":{"line":260,"column":14}}},"34":{"name":"(anonymous_34)","line":278,"loc":{"start":{"line":278,"column":11},"end":{"line":278,"column":14}}},"35":{"name":"(anonymous_35)","line":290,"loc":{"start":{"line":290,"column":15},"end":{"line":290,"column":23}}},"36":{"name":"(anonymous_36)","line":307,"loc":{"start":{"line":307,"column":20},"end":{"line":307,"column":23}}},"37":{"name":"(anonymous_37)","line":310,"loc":{"start":{"line":310,"column":15},"end":{"line":310,"column":23}}},"38":{"name":"(anonymous_38)","line":339,"loc":{"start":{"line":339,"column":20},"end":{"line":339,"column":23}}},"39":{"name":"(anonymous_39)","line":340,"loc":{"start":{"line":340,"column":10},"end":{"line":340,"column":13}}}},"statementMap":{"1":{"start":{"line":1,"column":0},"end":{"line":1,"column":33}},"2":{"start":{"line":2,"column":0},"end":{"line":2,"column":60}},"3":{"start":{"line":4,"column":0},"end":{"line":4,"column":33}},"4":{"start":{"line":5,"column":0},"end":{"line":5,"column":48}},"5":{"start":{"line":6,"column":0},"end":{"line":6,"column":33}},"6":{"start":{"line":8,"column":0},"end":{"line":8,"column":33}},"7":{"start":{"line":10,"column":0},"end":{"line":10,"column":36}},"8":{"start":{"line":11,"column":0},"end":{"line":11,"column":29}},"9":{"start":{"line":12,"column":0},"end":{"line":12,"column":29}},"10":{"start":{"line":13,"column":0},"end":{"line":13,"column":23}},"11":{"start":{"line":15,"column":0},"end":{"line":15,"column":48}},"12":{"start":{"line":20,"column":4},"end":{"line":20,"column":23}},"13":{"start":{"line":23,"column":18},"end":{"line":23,"column":31}},"14":{"start":{"line":26,"column":4},"end":{"line":26,"column":19}},"15":{"start":{"line":30,"column":4},"end":{"line":30,"column":32}},"16":{"start":{"line":31,"column":4},"end":{"line":31,"column":21}},"17":{"start":{"line":32,"column":4},"end":{"line":32,"column":16}},"18":{"start":{"line":36,"column":4},"end":{"line":36,"column":43}},"19":{"start":{"line":37,"column":4},"end":{"line":37,"column":17}},"20":{"start":{"line":41,"column":4},"end":{"line":41,"column":32}},"21":{"start":{"line":45,"column":4},"end":{"line":45,"column":49}},"22":{"start":{"line":49,"column":4},"end":{"line":49,"column":42}},"23":{"start":{"line":53,"column":4},"end":{"line":53,"column":62}},"24":{"start":{"line":58,"column":0},"end":{"line":58,"column":26}},"25":{"start":{"line":61,"column":0},"end":{"line":61,"column":41}},"26":{"start":{"line":63,"column":0},"end":{"line":63,"column":92}},"27":{"start":{"line":64,"column":0},"end":{"line":64,"column":82}},"28":{"start":{"line":66,"column":0},"end":{"line":66,"column":25}},"29":{"start":{"line":67,"column":0},"end":{"line":67,"column":13}},"30":{"start":{"line":68,"column":0},"end":{"line":68,"column":69}},"31":{"start":{"line":69,"column":0},"end":{"line":69,"column":44}},"32":{"start":{"line":70,"column":0},"end":{"line":70,"column":88}},"33":{"start":{"line":70,"column":25},"end":{"line":70,"column":80}},"34":{"start":{"line":72,"column":0},"end":{"line":359,"column":8}},"35":{"start":{"line":74,"column":2},"end":{"line":74,"column":56}},"36":{"start":{"line":76,"column":2},"end":{"line":76,"column":63}},"37":{"start":{"line":77,"column":2},"end":{"line":77,"column":110}},"38":{"start":{"line":78,"column":2},"end":{"line":78,"column":90}},"39":{"start":{"line":80,"column":2},"end":{"line":80,"column":15}},"40":{"start":{"line":81,"column":2},"end":{"line":81,"column":19}},"41":{"start":{"line":82,"column":2},"end":{"line":82,"column":135}},"42":{"start":{"line":83,"column":2},"end":{"line":83,"column":68}},"43":{"start":{"line":84,"column":2},"end":{"line":84,"column":137}},"44":{"start":{"line":86,"column":2},"end":{"line":86,"column":35}},"45":{"start":{"line":87,"column":2},"end":{"line":87,"column":56}},"46":{"start":{"line":89,"column":2},"end":{"line":89,"column":49}},"47":{"start":{"line":90,"column":2},"end":{"line":90,"column":46}},"48":{"start":{"line":95,"column":6},"end":{"line":95,"column":25}},"49":{"start":{"line":99,"column":6},"end":{"line":99,"column":40}},"50":{"start":{"line":103,"column":6},"end":{"line":103,"column":40}},"51":{"start":{"line":107,"column":6},"end":{"line":107,"column":40}},"52":{"start":{"line":111,"column":6},"end":{"line":111,"column":25}},"53":{"start":{"line":116,"column":2},"end":{"line":116,"column":29}},"54":{"start":{"line":117,"column":2},"end":{"line":117,"column":21}},"55":{"start":{"line":118,"column":2},"end":{"line":118,"column":19}},"56":{"start":{"line":119,"column":2},"end":{"line":119,"column":19}},"57":{"start":{"line":120,"column":2},"end":{"line":120,"column":26}},"58":{"start":{"line":121,"column":2},"end":{"line":121,"column":26}},"59":{"start":{"line":122,"column":2},"end":{"line":122,"column":20}},"60":{"start":{"line":123,"column":2},"end":{"line":123,"column":95}},"61":{"start":{"line":124,"column":2},"end":{"line":124,"column":119}},"62":{"start":{"line":126,"column":2},"end":{"line":126,"column":28}},"63":{"start":{"line":127,"column":2},"end":{"line":127,"column":78}},"64":{"start":{"line":129,"column":2},"end":{"line":129,"column":21}},"65":{"start":{"line":130,"column":2},"end":{"line":130,"column":106}},"66":{"start":{"line":132,"column":2},"end":{"line":132,"column":25}},"67":{"start":{"line":133,"column":2},"end":{"line":133,"column":90}},"68":{"start":{"line":137,"column":2},"end":{"line":137,"column":37}},"69":{"start":{"line":138,"column":2},"end":{"line":138,"column":25}},"70":{"start":{"line":139,"column":2},"end":{"line":139,"column":32}},"71":{"start":{"line":143,"column":6},"end":{"line":143,"column":21}},"72":{"start":{"line":146,"column":6},"end":{"line":146,"column":57}},"73":{"start":{"line":150,"column":2},"end":{"line":150,"column":27}},"74":{"start":{"line":151,"column":2},"end":{"line":151,"column":20}},"75":{"start":{"line":152,"column":2},"end":{"line":152,"column":34}},"76":{"start":{"line":156,"column":16},"end":{"line":156,"column":33}},"77":{"start":{"line":158,"column":6},"end":{"line":158,"column":21}},"78":{"start":{"line":161,"column":2},"end":{"line":161,"column":33}},"79":{"start":{"line":162,"column":2},"end":{"line":162,"column":23}},"80":{"start":{"line":163,"column":2},"end":{"line":163,"column":32}},"81":{"start":{"line":164,"column":2},"end":{"line":164,"column":32}},"82":{"start":{"line":165,"column":2},"end":{"line":165,"column":32}},"83":{"start":{"line":166,"column":2},"end":{"line":166,"column":61}},"84":{"start":{"line":170,"column":6},"end":{"line":170,"column":56}},"85":{"start":{"line":173,"column":2},"end":{"line":173,"column":31}},"86":{"start":{"line":174,"column":2},"end":{"line":174,"column":22}},"87":{"start":{"line":175,"column":2},"end":{"line":175,"column":32}},"88":{"start":{"line":179,"column":6},"end":{"line":179,"column":21}},"89":{"start":{"line":182,"column":6},"end":{"line":182,"column":45}},"90":{"start":{"line":186,"column":2},"end":{"line":186,"column":36}},"91":{"start":{"line":188,"column":2},"end":{"line":188,"column":57}},"92":{"start":{"line":189,"column":2},"end":{"line":197,"column":4}},"93":{"start":{"line":194,"column":8},"end":{"line":194,"column":40}},"94":{"start":{"line":199,"column":2},"end":{"line":199,"column":24}},"95":{"start":{"line":200,"column":2},"end":{"line":200,"column":32}},"96":{"start":{"line":201,"column":2},"end":{"line":201,"column":19}},"97":{"start":{"line":202,"column":2},"end":{"line":202,"column":62}},"98":{"start":{"line":203,"column":2},"end":{"line":203,"column":36}},"99":{"start":{"line":204,"column":2},"end":{"line":204,"column":50}},"100":{"start":{"line":209,"column":6},"end":{"line":209,"column":21}},"101":{"start":{"line":212,"column":6},"end":{"line":212,"column":66}},"102":{"start":{"line":216,"column":2},"end":{"line":216,"column":38}},"103":{"start":{"line":218,"column":2},"end":{"line":218,"column":25}},"104":{"start":{"line":219,"column":2},"end":{"line":219,"column":32}},"105":{"start":{"line":220,"column":2},"end":{"line":220,"column":19}},"106":{"start":{"line":225,"column":6},"end":{"line":225,"column":30}},"107":{"start":{"line":227,"column":20},"end":{"line":227,"column":37}},"108":{"start":{"line":227,"column":38},"end":{"line":227,"column":50}},"109":{"start":{"line":230,"column":2},"end":{"line":230,"column":33}},"110":{"start":{"line":232,"column":2},"end":{"line":232,"column":23}},"111":{"start":{"line":233,"column":2},"end":{"line":233,"column":24}},"112":{"start":{"line":234,"column":2},"end":{"line":237,"column":4}},"113":{"start":{"line":241,"column":16},"end":{"line":241,"column":62}},"114":{"start":{"line":242,"column":16},"end":{"line":242,"column":67}},"115":{"start":{"line":245,"column":2},"end":{"line":245,"column":42}},"116":{"start":{"line":247,"column":2},"end":{"line":247,"column":27}},"117":{"start":{"line":248,"column":2},"end":{"line":248,"column":58}},"118":{"start":{"line":249,"column":2},"end":{"line":249,"column":31}},"119":{"start":{"line":250,"column":2},"end":{"line":250,"column":35}},"120":{"start":{"line":253,"column":2},"end":{"line":253,"column":41}},"121":{"start":{"line":254,"column":2},"end":{"line":254,"column":30}},"122":{"start":{"line":255,"column":2},"end":{"line":255,"column":44}},"123":{"start":{"line":259,"column":25},"end":{"line":259,"column":82}},"124":{"start":{"line":260,"column":16},"end":{"line":260,"column":96}},"125":{"start":{"line":263,"column":2},"end":{"line":263,"column":52}},"126":{"start":{"line":265,"column":2},"end":{"line":265,"column":32}},"127":{"start":{"line":266,"column":2},"end":{"line":266,"column":32}},"128":{"start":{"line":267,"column":2},"end":{"line":267,"column":31}},"129":{"start":{"line":268,"column":2},"end":{"line":268,"column":35}},"130":{"start":{"line":270,"column":2},"end":{"line":270,"column":65}},"131":{"start":{"line":271,"column":2},"end":{"line":271,"column":46}},"132":{"start":{"line":272,"column":2},"end":{"line":272,"column":50}},"133":{"start":{"line":276,"column":2},"end":{"line":276,"column":27}},"134":{"start":{"line":278,"column":16},"end":{"line":278,"column":35}},"135":{"start":{"line":280,"column":2},"end":{"line":280,"column":33}},"136":{"start":{"line":282,"column":2},"end":{"line":282,"column":43}},"137":{"start":{"line":283,"column":2},"end":{"line":283,"column":43}},"138":{"start":{"line":285,"column":2},"end":{"line":285,"column":79}},"139":{"start":{"line":288,"column":2},"end":{"line":288,"column":29}},"140":{"start":{"line":291,"column":6},"end":{"line":291,"column":27}},"141":{"start":{"line":295,"column":2},"end":{"line":295,"column":54}},"142":{"start":{"line":297,"column":2},"end":{"line":297,"column":33}},"143":{"start":{"line":298,"column":2},"end":{"line":298,"column":35}},"144":{"start":{"line":299,"column":2},"end":{"line":302,"column":4}},"145":{"start":{"line":308,"column":6},"end":{"line":308,"column":20}},"146":{"start":{"line":311,"column":6},"end":{"line":311,"column":50}},"147":{"start":{"line":315,"column":2},"end":{"line":315,"column":39}},"148":{"start":{"line":317,"column":2},"end":{"line":317,"column":26}},"149":{"start":{"line":318,"column":2},"end":{"line":318,"column":25}},"150":{"start":{"line":319,"column":2},"end":{"line":319,"column":35}},"151":{"start":{"line":320,"column":2},"end":{"line":323,"column":4}},"152":{"start":{"line":328,"column":2},"end":{"line":328,"column":56}},"153":{"start":{"line":330,"column":2},"end":{"line":330,"column":34}},"154":{"start":{"line":331,"column":2},"end":{"line":331,"column":26}},"155":{"start":{"line":332,"column":2},"end":{"line":332,"column":49}},"156":{"start":{"line":332,"column":23},"end":{"line":332,"column":46}},"157":{"start":{"line":333,"column":2},"end":{"line":336,"column":4}},"158":{"start":{"line":339,"column":25},"end":{"line":339,"column":41}},"159":{"start":{"line":343,"column":2},"end":{"line":343,"column":28}},"160":{"start":{"line":344,"column":2},"end":{"line":344,"column":19}},"161":{"start":{"line":345,"column":2},"end":{"line":345,"column":80}},"162":{"start":{"line":346,"column":2},"end":{"line":346,"column":77}},"163":{"start":{"line":347,"column":2},"end":{"line":347,"column":56}},"164":{"start":{"line":348,"column":2},"end":{"line":348,"column":20}},"165":{"start":{"line":349,"column":2},"end":{"line":349,"column":14}},"166":{"start":{"line":350,"column":2},"end":{"line":350,"column":55}},"167":{"start":{"line":351,"column":2},"end":{"line":351,"column":24}},"168":{"start":{"line":352,"column":2},"end":{"line":352,"column":65}},"169":{"start":{"line":353,"column":2},"end":{"line":353,"column":21}},"170":{"start":{"line":354,"column":2},"end":{"line":354,"column":76}},"171":{"start":{"line":356,"column":2},"end":{"line":356,"column":49}},"172":{"start":{"line":357,"column":2},"end":{"line":357,"column":21}},"173":{"start":{"line":358,"column":2},"end":{"line":358,"column":19}}},"branchMap":{"1":{"line":78,"type":"binary-expr","locations":[{"start":{"line":78,"column":16},"end":{"line":78,"column":34}},{"start":{"line":78,"column":38},"end":{"line":78,"column":71}}]},"2":{"line":123,"type":"binary-expr","locations":[{"start":{"line":123,"column":16},"end":{"line":123,"column":34}},{"start":{"line":123,"column":38},"end":{"line":123,"column":63}}]},"3":{"line":182,"type":"binary-expr","locations":[{"start":{"line":182,"column":22},"end":{"line":182,"column":34}},{"start":{"line":182,"column":38},"end":{"line":182,"column":39}}]},"4":{"line":235,"type":"binary-expr","locations":[{"start":{"line":235,"column":4},"end":{"line":235,"column":27}},{"start":{"line":235,"column":31},"end":{"line":235,"column":47}}]},"5":{"line":321,"type":"binary-expr","locations":[{"start":{"line":321,"column":4},"end":{"line":321,"column":30}},{"start":{"line":321,"column":34},"end":{"line":321,"column":50}}]},"6":{"line":352,"type":"binary-expr","locations":[{"start":{"line":352,"column":16},"end":{"line":352,"column":27}},{"start":{"line":352,"column":31},"end":{"line":352,"column":42}}]},"7":{"line":354,"type":"binary-expr","locations":[{"start":{"line":354,"column":16},"end":{"line":354,"column":33}},{"start":{"line":354,"column":37},"end":{"line":354,"column":47}}]}}},"/Users/agiammarchi/git/hyperHTML-Element/cjs/index.js":{"path":"/Users/agiammarchi/git/hyperHTML-Element/cjs/index.js","s":{"1":3,"2":3,"3":3,"4":3,"5":3,"6":3,"7":3,"8":3,"9":2,"10":3,"11":2,"12":3,"13":2,"14":3,"15":2,"16":3,"17":7,"18":2,"19":16,"20":16,"21":16,"22":16,"23":16,"24":16,"25":3,"26":2,"27":1,"28":4,"29":1,"30":3,"31":16,"32":16,"33":6,"34":5,"35":3,"36":7,"37":1,"38":6,"39":16,"40":16,"41":6,"42":11,"43":16,"44":4,"45":16,"46":16,"47":2,"48":1,"49":16,"50":13,"51":4,"52":4,"53":1,"54":12,"55":9,"56":16,"57":16,"58":16,"59":12,"60":10,"61":10,"62":1,"63":11,"64":3,"65":16,"66":97,"67":1,"68":1,"69":1,"70":1,"71":16,"72":15,"73":4,"74":16,"75":1,"76":1,"77":1,"78":1,"79":9,"80":6,"81":1,"82":6,"83":1,"84":1,"85":1,"86":15,"87":16,"88":16,"89":4,"90":3,"91":2,"92":14,"93":6,"94":6,"95":6,"96":6,"97":6,"98":6,"99":5,"100":6,"101":3,"102":3,"103":3,"104":3,"105":3,"106":3,"107":3,"108":2,"109":1,"110":3,"111":3,"112":3,"113":2,"114":2,"115":1,"116":241,"117":3,"118":1,"119":1,"120":235,"121":125,"122":13,"123":13,"124":1,"125":13,"126":13,"127":1,"128":110,"129":1,"130":110,"131":1,"132":112,"133":1,"134":3,"135":1,"136":113,"137":113,"138":440,"139":3,"140":110,"141":110},"b":{"1":[3,3],"2":[3,3],"3":[3,3,3],"4":[3,3],"5":[16,13],"6":[2,1],"7":[1,3],"8":[4,3],"9":[16,11],"10":[5,1],"11":[1,6],"12":[6,10],"13":[16,8],"14":[1,1],"15":[4,9],"16":[1,3],"17":[9,3],"18":[12,10],"19":[10,2],"20":[1,9],"21":[3,8],"22":[1,96],"23":[1,1],"24":[15,1],"25":[4,3],"26":[4,1],"27":[1,15],"28":[16,1],"29":[4,3],"30":[3,3,3],"31":[14,4],"32":[1,5],"33":[5,1],"34":[2,1],"35":[2,1],"36":[1,2],"37":[125,110],"38":[235,113],"39":[13,112],"40":[1,12],"41":[1,12],"42":[1,109],"43":[3,437]},"f":{"1":16,"2":1,"3":4,"4":3,"5":7,"6":11,"7":4,"8":2,"9":13,"10":12,"11":1,"12":4,"13":4,"14":3,"15":8,"16":2,"17":14,"18":6,"19":6,"20":1,"21":3,"22":241,"23":235,"24":112,"25":3,"26":113},"fnMap":{"1":{"name":"(anonymous_1)","line":26,"loc":{"start":{"line":26,"column":15},"end":{"line":26,"column":31}}},"2":{"name":"(anonymous_2)","line":48,"loc":{"start":{"line":48,"column":13},"end":{"line":48,"column":16}}},"3":{"name":"(anonymous_3)","line":51,"loc":{"start":{"line":51,"column":13},"end":{"line":51,"column":21}}},"4":{"name":"(anonymous_4)","line":78,"loc":{"start":{"line":78,"column":13},"end":{"line":78,"column":16}}},"5":{"name":"(anonymous_5)","line":81,"loc":{"start":{"line":81,"column":13},"end":{"line":81,"column":21}}},"6":{"name":"(anonymous_6)","line":96,"loc":{"start":{"line":96,"column":11},"end":{"line":96,"column":14}}},"7":{"name":"(anonymous_7)","line":106,"loc":{"start":{"line":106,"column":37},"end":{"line":106,"column":49}}},"8":{"name":"(anonymous_8)","line":127,"loc":{"start":{"line":127,"column":13},"end":{"line":127,"column":16}}},"9":{"name":"aCC","line":139,"loc":{"start":{"line":139,"column":15},"end":{"line":139,"column":46}}},"10":{"name":"cC","line":161,"loc":{"start":{"line":161,"column":15},"end":{"line":161,"column":29}}},"11":{"name":"(anonymous_11)","line":183,"loc":{"start":{"line":183,"column":13},"end":{"line":183,"column":16}}},"12":{"name":"(anonymous_12)","line":204,"loc":{"start":{"line":204,"column":15},"end":{"line":204,"column":23}}},"13":{"name":"(anonymous_13)","line":249,"loc":{"start":{"line":249,"column":10},"end":{"line":249,"column":13}}},"14":{"name":"(anonymous_14)","line":264,"loc":{"start":{"line":264,"column":10},"end":{"line":264,"column":18}}},"15":{"name":"(anonymous_15)","line":269,"loc":{"start":{"line":269,"column":8},"end":{"line":269,"column":11}}},"16":{"name":"(anonymous_16)","line":277,"loc":{"start":{"line":277,"column":18},"end":{"line":277,"column":21}}},"17":{"name":"(anonymous_17)","line":280,"loc":{"start":{"line":280,"column":11},"end":{"line":280,"column":14}}},"18":{"name":"(anonymous_18)","line":285,"loc":{"start":{"line":285,"column":11},"end":{"line":285,"column":19}}},"19":{"name":"(anonymous_19)","line":292,"loc":{"start":{"line":292,"column":10},"end":{"line":292,"column":26}}},"20":{"name":"(anonymous_20)","line":314,"loc":{"start":{"line":314,"column":11},"end":{"line":314,"column":22}}},"21":{"name":"(anonymous_21)","line":327,"loc":{"start":{"line":327,"column":13},"end":{"line":327,"column":16}}},"22":{"name":"(anonymous_22)","line":335,"loc":{"start":{"line":335,"column":7},"end":{"line":335,"column":10}}},"23":{"name":"checkReady","line":345,"loc":{"start":{"line":345,"column":0},"end":{"line":345,"column":29}}},"24":{"name":"invoke","line":360,"loc":{"start":{"line":360,"column":0},"end":{"line":360,"column":20}}},"25":{"name":"isPrototypeOf","line":364,"loc":{"start":{"line":364,"column":0},"end":{"line":364,"column":30}}},"26":{"name":"isReady","line":368,"loc":{"start":{"line":368,"column":0},"end":{"line":368,"column":26}}}},"statementMap":{"1":{"start":{"line":4,"column":0},"end":{"line":4,"column":72}},"2":{"start":{"line":7,"column":0},"end":{"line":7,"column":62}},"3":{"start":{"line":8,"column":0},"end":{"line":8,"column":17}},"4":{"start":{"line":9,"column":0},"end":{"line":9,"column":19}},"5":{"start":{"line":10,"column":0},"end":{"line":10,"column":40}},"6":{"start":{"line":11,"column":0},"end":{"line":11,"column":60}},"7":{"start":{"line":12,"column":0},"end":{"line":12,"column":50}},"8":{"start":{"line":13,"column":0},"end":{"line":13,"column":68}},"9":{"start":{"line":13,"column":64},"end":{"line":13,"column":66}},"10":{"start":{"line":14,"column":0},"end":{"line":14,"column":62}},"11":{"start":{"line":14,"column":49},"end":{"line":14,"column":60}},"12":{"start":{"line":15,"column":0},"end":{"line":16,"column":79}},"13":{"start":{"line":16,"column":22},"end":{"line":16,"column":77}},"14":{"start":{"line":17,"column":0},"end":{"line":18,"column":55}},"15":{"start":{"line":18,"column":34},"end":{"line":18,"column":52}},"16":{"start":{"line":19,"column":0},"end":{"line":19,"column":78}},"17":{"start":{"line":19,"column":22},"end":{"line":19,"column":77}},"18":{"start":{"line":19,"column":60},"end":{"line":19,"column":76}},"19":{"start":{"line":27,"column":4},"end":{"line":27,"column":23}},"20":{"start":{"line":28,"column":4},"end":{"line":28,"column":34}},"21":{"start":{"line":30,"column":4},"end":{"line":30,"column":56}},"22":{"start":{"line":31,"column":4},"end":{"line":31,"column":34}},"23":{"start":{"line":41,"column":4},"end":{"line":41,"column":60}},"24":{"start":{"line":42,"column":4},"end":{"line":59,"column":7}},"25":{"start":{"line":43,"column":6},"end":{"line":58,"column":8}},"26":{"start":{"line":43,"column":28},"end":{"line":58,"column":8}},"27":{"start":{"line":49,"column":12},"end":{"line":49,"column":43}},"28":{"start":{"line":52,"column":12},"end":{"line":55,"column":45}},"29":{"start":{"line":53,"column":14},"end":{"line":53,"column":41}},"30":{"start":{"line":55,"column":14},"end":{"line":55,"column":45}},"31":{"start":{"line":69,"column":4},"end":{"line":69,"column":62}},"32":{"start":{"line":70,"column":4},"end":{"line":89,"column":7}},"33":{"start":{"line":73,"column":6},"end":{"line":88,"column":8}},"34":{"start":{"line":73,"column":28},"end":{"line":88,"column":8}},"35":{"start":{"line":79,"column":12},"end":{"line":79,"column":43}},"36":{"start":{"line":82,"column":12},"end":{"line":85,"column":45}},"37":{"start":{"line":83,"column":14},"end":{"line":83,"column":41}},"38":{"start":{"line":85,"column":14},"end":{"line":85,"column":45}},"39":{"start":{"line":93,"column":4},"end":{"line":93,"column":68}},"40":{"start":{"line":94,"column":4},"end":{"line":97,"column":9}},"41":{"start":{"line":95,"column":6},"end":{"line":97,"column":9}},"42":{"start":{"line":96,"column":16},"end":{"line":96,"column":34}},"43":{"start":{"line":106,"column":4},"end":{"line":108,"column":6}},"44":{"start":{"line":107,"column":6},"end":{"line":107,"column":20}},"45":{"start":{"line":111,"column":4},"end":{"line":119,"column":6}},"46":{"start":{"line":123,"column":4},"end":{"line":132,"column":6}},"47":{"start":{"line":128,"column":10},"end":{"line":129,"column":43}},"48":{"start":{"line":129,"column":12},"end":{"line":129,"column":43}},"49":{"start":{"line":134,"column":4},"end":{"line":152,"column":6}},"50":{"start":{"line":140,"column":10},"end":{"line":144,"column":11}},"51":{"start":{"line":141,"column":12},"end":{"line":141,"column":43}},"52":{"start":{"line":142,"column":12},"end":{"line":143,"column":73}},"53":{"start":{"line":143,"column":14},"end":{"line":143,"column":73}},"54":{"start":{"line":147,"column":10},"end":{"line":149,"column":11}},"55":{"start":{"line":148,"column":12},"end":{"line":148,"column":45}},"56":{"start":{"line":154,"column":4},"end":{"line":154,"column":48}},"57":{"start":{"line":155,"column":4},"end":{"line":155,"column":37}},"58":{"start":{"line":156,"column":4},"end":{"line":172,"column":6}},"59":{"start":{"line":162,"column":10},"end":{"line":166,"column":11}},"60":{"start":{"line":163,"column":12},"end":{"line":163,"column":43}},"61":{"start":{"line":164,"column":12},"end":{"line":165,"column":54}},"62":{"start":{"line":165,"column":14},"end":{"line":165,"column":54}},"63":{"start":{"line":167,"column":10},"end":{"line":169,"column":11}},"64":{"start":{"line":168,"column":12},"end":{"line":168,"column":47}},"65":{"start":{"line":177,"column":4},"end":{"line":189,"column":7}},"66":{"start":{"line":178,"column":6},"end":{"line":188,"column":7}},"67":{"start":{"line":179,"column":8},"end":{"line":179,"column":38}},"68":{"start":{"line":180,"column":8},"end":{"line":180,"column":34}},"69":{"start":{"line":181,"column":8},"end":{"line":187,"column":11}},"70":{"start":{"line":184,"column":12},"end":{"line":185,"column":54}},"71":{"start":{"line":198,"column":4},"end":{"line":212,"column":5}},"72":{"start":{"line":199,"column":6},"end":{"line":211,"column":8}},"73":{"start":{"line":205,"column":12},"end":{"line":208,"column":21}},"74":{"start":{"line":214,"column":4},"end":{"line":240,"column":5}},"75":{"start":{"line":215,"column":6},"end":{"line":215,"column":73}},"76":{"start":{"line":216,"column":6},"end":{"line":216,"column":51}},"77":{"start":{"line":217,"column":6},"end":{"line":217,"column":42}},"78":{"start":{"line":218,"column":6},"end":{"line":227,"column":8}},"79":{"start":{"line":219,"column":23},"end":{"line":221,"column":26}},"80":{"start":{"line":222,"column":24},"end":{"line":226,"column":9}},"81":{"start":{"line":228,"column":6},"end":{"line":234,"column":8}},"82":{"start":{"line":229,"column":24},"end":{"line":233,"column":9}},"83":{"start":{"line":235,"column":6},"end":{"line":235,"column":42}},"84":{"start":{"line":236,"column":6},"end":{"line":236,"column":52}},"85":{"start":{"line":237,"column":6},"end":{"line":237,"column":50}},"86":{"start":{"line":239,"column":6},"end":{"line":239,"column":41}},"87":{"start":{"line":241,"column":4},"end":{"line":241,"column":24}},"88":{"start":{"line":242,"column":4},"end":{"line":242,"column":17}},"89":{"start":{"line":250,"column":4},"end":{"line":260,"column":7}},"90":{"start":{"line":265,"column":4},"end":{"line":265,"column":71}},"91":{"start":{"line":277,"column":23},"end":{"line":277,"column":33}},"92":{"start":{"line":281,"column":4},"end":{"line":281,"column":60}},"93":{"start":{"line":286,"column":4},"end":{"line":286,"column":72}},"94":{"start":{"line":293,"column":4},"end":{"line":293,"column":30}},"95":{"start":{"line":294,"column":4},"end":{"line":294,"column":82}},"96":{"start":{"line":295,"column":4},"end":{"line":295,"column":56}},"97":{"start":{"line":295,"column":30},"end":{"line":295,"column":56}},"98":{"start":{"line":296,"column":4},"end":{"line":296,"column":40}},"99":{"start":{"line":296,"column":26},"end":{"line":296,"column":40}},"100":{"start":{"line":297,"column":4},"end":{"line":297,"column":16}},"101":{"start":{"line":303,"column":0},"end":{"line":303,"column":39}},"102":{"start":{"line":304,"column":0},"end":{"line":304,"column":29}},"103":{"start":{"line":305,"column":0},"end":{"line":305,"column":33}},"104":{"start":{"line":306,"column":0},"end":{"line":306,"column":29}},"105":{"start":{"line":307,"column":0},"end":{"line":307,"column":31}},"106":{"start":{"line":309,"column":0},"end":{"line":318,"column":15}},"107":{"start":{"line":310,"column":2},"end":{"line":317,"column":8}},"108":{"start":{"line":310,"column":26},"end":{"line":317,"column":8}},"109":{"start":{"line":315,"column":8},"end":{"line":315,"column":69}},"110":{"start":{"line":320,"column":0},"end":{"line":320,"column":87}},"111":{"start":{"line":325,"column":0},"end":{"line":339,"column":2}},"112":{"start":{"line":328,"column":4},"end":{"line":333,"column":34}},"113":{"start":{"line":329,"column":6},"end":{"line":329,"column":57}},"114":{"start":{"line":330,"column":6},"end":{"line":330,"column":41}},"115":{"start":{"line":333,"column":6},"end":{"line":333,"column":34}},"116":{"start":{"line":336,"column":4},"end":{"line":336,"column":46}},"117":{"start":{"line":341,"column":0},"end":{"line":343,"column":1}},"118":{"start":{"line":342,"column":2},"end":{"line":342,"column":50}},"119":{"start":{"line":345,"column":0},"end":{"line":358,"column":1}},"120":{"start":{"line":346,"column":2},"end":{"line":357,"column":3}},"121":{"start":{"line":347,"column":4},"end":{"line":352,"column":5}},"122":{"start":{"line":348,"column":6},"end":{"line":348,"column":32}},"123":{"start":{"line":349,"column":6},"end":{"line":349,"column":36}},"124":{"start":{"line":349,"column":16},"end":{"line":349,"column":36}},"125":{"start":{"line":350,"column":6},"end":{"line":350,"column":67}},"126":{"start":{"line":351,"column":6},"end":{"line":351,"column":37}},"127":{"start":{"line":351,"column":16},"end":{"line":351,"column":37}},"128":{"start":{"line":354,"column":4},"end":{"line":355,"column":71}},"129":{"start":{"line":355,"column":6},"end":{"line":355,"column":71}},"130":{"start":{"line":356,"column":4},"end":{"line":356,"column":50}},"131":{"start":{"line":360,"column":0},"end":{"line":362,"column":1}},"132":{"start":{"line":361,"column":2},"end":{"line":361,"column":7}},"133":{"start":{"line":364,"column":0},"end":{"line":366,"column":1}},"134":{"start":{"line":365,"column":2},"end":{"line":365,"column":34}},"135":{"start":{"line":368,"column":0},"end":{"line":374,"column":1}},"136":{"start":{"line":369,"column":2},"end":{"line":369,"column":16}},"137":{"start":{"line":370,"column":2},"end":{"line":371,"column":29}},"138":{"start":{"line":370,"column":7},"end":{"line":370,"column":39}},"139":{"start":{"line":370,"column":27},"end":{"line":370,"column":39}},"140":{"start":{"line":372,"column":2},"end":{"line":372,"column":45}},"141":{"start":{"line":373,"column":2},"end":{"line":373,"column":15}}},"branchMap":{"1":{"line":13,"type":"binary-expr","locations":[{"start":{"line":13,"column":30},"end":{"line":13,"column":53}},{"start":{"line":13,"column":58},"end":{"line":13,"column":66}}]},"2":{"line":14,"type":"binary-expr","locations":[{"start":{"line":14,"column":23},"end":{"line":14,"column":39}},{"start":{"line":14,"column":44},"end":{"line":14,"column":60}}]},"3":{"line":15,"type":"binary-expr","locations":[{"start":{"line":15,"column":16},"end":{"line":15,"column":43}},{"start":{"line":15,"column":47},"end":{"line":15,"column":62}},{"start":{"line":16,"column":17},"end":{"line":16,"column":77}}]},"4":{"line":17,"type":"binary-expr","locations":[{"start":{"line":17,"column":23},"end":{"line":17,"column":39}},{"start":{"line":18,"column":23},"end":{"line":18,"column":53}}]},"5":{"line":41,"type":"binary-expr","locations":[{"start":{"line":41,"column":30},"end":{"line":41,"column":53}},{"start":{"line":41,"column":57},"end":{"line":41,"column":59}}]},"6":{"line":43,"type":"if","locations":[{"start":{"line":43,"column":6},"end":{"line":43,"column":6}},{"start":{"line":43,"column":6},"end":{"line":43,"column":6}}]},"7":{"line":52,"type":"if","locations":[{"start":{"line":52,"column":12},"end":{"line":52,"column":12}},{"start":{"line":52,"column":12},"end":{"line":52,"column":12}}]},"8":{"line":52,"type":"binary-expr","locations":[{"start":{"line":52,"column":16},"end":{"line":52,"column":22}},{"start":{"line":52,"column":26},"end":{"line":52,"column":43}}]},"9":{"line":69,"type":"binary-expr","locations":[{"start":{"line":69,"column":31},"end":{"line":69,"column":55}},{"start":{"line":69,"column":59},"end":{"line":69,"column":61}}]},"10":{"line":73,"type":"if","locations":[{"start":{"line":73,"column":6},"end":{"line":73,"column":6}},{"start":{"line":73,"column":6},"end":{"line":73,"column":6}}]},"11":{"line":82,"type":"if","locations":[{"start":{"line":82,"column":12},"end":{"line":82,"column":12}},{"start":{"line":82,"column":12},"end":{"line":82,"column":12}}]},"12":{"line":94,"type":"if","locations":[{"start":{"line":94,"column":4},"end":{"line":94,"column":4}},{"start":{"line":94,"column":4},"end":{"line":94,"column":4}}]},"13":{"line":106,"type":"binary-expr","locations":[{"start":{"line":106,"column":20},"end":{"line":106,"column":33}},{"start":{"line":106,"column":37},"end":{"line":108,"column":5}}]},"14":{"line":128,"type":"if","locations":[{"start":{"line":128,"column":10},"end":{"line":128,"column":10}},{"start":{"line":128,"column":10},"end":{"line":128,"column":10}}]},"15":{"line":140,"type":"if","locations":[{"start":{"line":140,"column":10},"end":{"line":140,"column":10}},{"start":{"line":140,"column":10},"end":{"line":140,"column":10}}]},"16":{"line":142,"type":"if","locations":[{"start":{"line":142,"column":12},"end":{"line":142,"column":12}},{"start":{"line":142,"column":12},"end":{"line":142,"column":12}}]},"17":{"line":147,"type":"if","locations":[{"start":{"line":147,"column":10},"end":{"line":147,"column":10}},{"start":{"line":147,"column":10},"end":{"line":147,"column":10}}]},"18":{"line":147,"type":"binary-expr","locations":[{"start":{"line":147,"column":14},"end":{"line":147,"column":23}},{"start":{"line":147,"column":27},"end":{"line":147,"column":40}}]},"19":{"line":162,"type":"if","locations":[{"start":{"line":162,"column":10},"end":{"line":162,"column":10}},{"start":{"line":162,"column":10},"end":{"line":162,"column":10}}]},"20":{"line":164,"type":"if","locations":[{"start":{"line":164,"column":12},"end":{"line":164,"column":12}},{"start":{"line":164,"column":12},"end":{"line":164,"column":12}}]},"21":{"line":167,"type":"if","locations":[{"start":{"line":167,"column":10},"end":{"line":167,"column":10}},{"start":{"line":167,"column":10},"end":{"line":167,"column":10}}]},"22":{"line":178,"type":"if","locations":[{"start":{"line":178,"column":6},"end":{"line":178,"column":6}},{"start":{"line":178,"column":6},"end":{"line":178,"column":6}}]},"23":{"line":184,"type":"binary-expr","locations":[{"start":{"line":184,"column":20},"end":{"line":184,"column":31}},{"start":{"line":185,"column":21},"end":{"line":185,"column":52}}]},"24":{"line":198,"type":"if","locations":[{"start":{"line":198,"column":4},"end":{"line":198,"column":4}},{"start":{"line":198,"column":4},"end":{"line":198,"column":4}}]},"25":{"line":206,"type":"binary-expr","locations":[{"start":{"line":206,"column":14},"end":{"line":206,"column":54}},{"start":{"line":207,"column":15},"end":{"line":207,"column":32}}]},"26":{"line":206,"type":"binary-expr","locations":[{"start":{"line":206,"column":15},"end":{"line":206,"column":42}},{"start":{"line":206,"column":46},"end":{"line":206,"column":48}}]},"27":{"line":214,"type":"if","locations":[{"start":{"line":214,"column":4},"end":{"line":214,"column":4}},{"start":{"line":214,"column":4},"end":{"line":214,"column":4}}]},"28":{"line":214,"type":"binary-expr","locations":[{"start":{"line":214,"column":8},"end":{"line":214,"column":15}},{"start":{"line":214,"column":19},"end":{"line":214,"column":34}}]},"29":{"line":250,"type":"binary-expr","locations":[{"start":{"line":250,"column":11},"end":{"line":250,"column":22}},{"start":{"line":250,"column":27},"end":{"line":260,"column":5}}]},"30":{"line":252,"type":"binary-expr","locations":[{"start":{"line":252,"column":6},"end":{"line":252,"column":21}},{"start":{"line":256,"column":6},"end":{"line":256,"column":22}},{"start":{"line":259,"column":6},"end":{"line":259,"column":10}}]},"31":{"line":281,"type":"binary-expr","locations":[{"start":{"line":281,"column":11},"end":{"line":281,"column":23}},{"start":{"line":281,"column":28},"end":{"line":281,"column":58}}]},"32":{"line":294,"type":"cond-expr","locations":[{"start":{"line":294,"column":49},"end":{"line":294,"column":73}},{"start":{"line":294,"column":76},"end":{"line":294,"column":81}}]},"33":{"line":296,"type":"if","locations":[{"start":{"line":296,"column":4},"end":{"line":296,"column":4}},{"start":{"line":296,"column":4},"end":{"line":296,"column":4}}]},"34":{"line":310,"type":"if","locations":[{"start":{"line":310,"column":2},"end":{"line":310,"column":2}},{"start":{"line":310,"column":2},"end":{"line":310,"column":2}}]},"35":{"line":328,"type":"if","locations":[{"start":{"line":328,"column":4},"end":{"line":328,"column":4}},{"start":{"line":328,"column":4},"end":{"line":328,"column":4}}]},"36":{"line":341,"type":"if","locations":[{"start":{"line":341,"column":0},"end":{"line":341,"column":0}},{"start":{"line":341,"column":0},"end":{"line":341,"column":0}}]},"37":{"line":346,"type":"if","locations":[{"start":{"line":346,"column":2},"end":{"line":346,"column":2}},{"start":{"line":346,"column":2},"end":{"line":346,"column":2}}]},"38":{"line":346,"type":"binary-expr","locations":[{"start":{"line":346,"column":6},"end":{"line":346,"column":17}},{"start":{"line":346,"column":21},"end":{"line":346,"column":48}}]},"39":{"line":347,"type":"if","locations":[{"start":{"line":347,"column":4},"end":{"line":347,"column":4}},{"start":{"line":347,"column":4},"end":{"line":347,"column":4}}]},"40":{"line":349,"type":"if","locations":[{"start":{"line":349,"column":6},"end":{"line":349,"column":6}},{"start":{"line":349,"column":6},"end":{"line":349,"column":6}}]},"41":{"line":351,"type":"if","locations":[{"start":{"line":351,"column":6},"end":{"line":351,"column":6}},{"start":{"line":351,"column":6},"end":{"line":351,"column":6}}]},"42":{"line":354,"type":"if","locations":[{"start":{"line":354,"column":4},"end":{"line":354,"column":4}},{"start":{"line":354,"column":4},"end":{"line":354,"column":4}}]},"43":{"line":370,"type":"if","locations":[{"start":{"line":370,"column":7},"end":{"line":370,"column":7}},{"start":{"line":370,"column":7},"end":{"line":370,"column":7}}]}}}}