TN:
SF:/Users/agiammarchi/git/hyperHTML-Element/test.js
FN:19,(anonymous_1)
FN:23,(anonymous_2)
FN:25,(anonymous_3)
FN:29,(anonymous_4)
FN:35,(anonymous_5)
FN:40,(anonymous_6)
FN:44,(anonymous_7)
FN:48,(anonymous_8)
FN:52,(anonymous_9)
FN:69,(anonymous_10)
FN:71,(anonymous_11)
FN:92,(anonymous_12)
FN:96,(anonymous_13)
FN:100,(anonymous_14)
FN:104,(anonymous_15)
FN:108,(anonymous_16)
FN:140,(anonymous_17)
FN:143,(anonymous_18)
FN:146,(anonymous_19)
FN:154,(anonymous_20)
FN:155,(anonymous_21)
FN:167,(anonymous_22)
FN:176,(anonymous_23)
FN:179,(anonymous_24)
FN:191,(anonymous_25)
FN:206,(anonymous_26)
FN:209,(anonymous_27)
FN:222,(anonymous_28)
FN:225,(anonymous_29)
FN:239,(anonymous_30)
FN:240,(anonymous_31)
FN:257,(anonymous_32)
FN:258,(anonymous_33)
FN:276,(anonymous_34)
FN:288,(anonymous_35)
FN:305,(anonymous_36)
FN:308,(anonymous_37)
FN:337,(anonymous_38)
FN:338,(anonymous_39)
FNF:39
FNH:39
FNDA:1,(anonymous_1)
FNDA:1,(anonymous_2)
FNDA:2,(anonymous_3)
FNDA:1,(anonymous_4)
FNDA:1,(anonymous_5)
FNDA:1,(anonymous_6)
FNDA:1,(anonymous_7)
FNDA:1,(anonymous_8)
FNDA:2,(anonymous_9)
FNDA:1,(anonymous_10)
FNDA:1,(anonymous_11)
FNDA:1,(anonymous_12)
FNDA:7,(anonymous_13)
FNDA:1,(anonymous_14)
FNDA:2,(anonymous_15)
FNDA:6,(anonymous_16)
FNDA:2,(anonymous_17)
FNDA:1,(anonymous_18)
FNDA:1,(anonymous_19)
FNDA:1,(anonymous_20)
FNDA:2,(anonymous_21)
FNDA:1,(anonymous_22)
FNDA:2,(anonymous_23)
FNDA:1,(anonymous_24)
FNDA:1,(anonymous_25)
FNDA:2,(anonymous_26)
FNDA:1,(anonymous_27)
FNDA:1,(anonymous_28)
FNDA:1,(anonymous_29)
FNDA:2,(anonymous_30)
FNDA:1,(anonymous_31)
FNDA:3,(anonymous_32)
FNDA:1,(anonymous_33)
FNDA:2,(anonymous_34)
FNDA:1,(anonymous_35)
FNDA:1,(anonymous_36)
FNDA:1,(anonymous_37)
FNDA:1,(anonymous_38)
FNDA:1,(anonymous_39)
DA:1,1
DA:2,1
DA:4,1
DA:5,1
DA:6,1
DA:8,1
DA:10,1
DA:11,1
DA:12,1
DA:13,1
DA:15,1
DA:20,1
DA:23,1
DA:26,2
DA:30,1
DA:31,1
DA:32,1
DA:36,1
DA:37,1
DA:41,1
DA:45,1
DA:49,1
DA:53,2
DA:58,1
DA:61,1
DA:63,1
DA:64,1
DA:66,1
DA:67,1
DA:68,1
DA:69,1
DA:71,1
DA:73,1
DA:75,1
DA:76,1
DA:77,1
DA:79,1
DA:80,1
DA:81,1
DA:82,1
DA:84,1
DA:85,1
DA:87,1
DA:88,1
DA:93,1
DA:97,7
DA:101,1
DA:105,2
DA:109,6
DA:114,1
DA:115,1
DA:116,1
DA:117,1
DA:118,1
DA:119,1
DA:120,1
DA:121,1
DA:122,1
DA:124,1
DA:125,1
DA:127,1
DA:128,1
DA:130,1
DA:131,1
DA:135,1
DA:136,1
DA:137,1
DA:141,2
DA:144,1
DA:148,1
DA:149,1
DA:150,1
DA:154,1
DA:156,2
DA:159,1
DA:160,1
DA:161,1
DA:162,1
DA:163,1
DA:164,1
DA:168,1
DA:171,1
DA:172,1
DA:173,1
DA:177,2
DA:180,1
DA:184,1
DA:186,1
DA:187,1
DA:192,1
DA:197,1
DA:198,1
DA:199,1
DA:200,1
DA:201,1
DA:202,1
DA:207,2
DA:210,1
DA:214,1
DA:216,1
DA:217,1
DA:218,1
DA:223,1
DA:225,1
DA:228,1
DA:230,1
DA:231,1
DA:232,1
DA:239,2
DA:240,1
DA:243,1
DA:245,1
DA:246,1
DA:247,1
DA:248,1
DA:251,1
DA:252,1
DA:253,1
DA:257,3
DA:258,1
DA:261,1
DA:263,1
DA:264,1
DA:265,1
DA:266,1
DA:268,1
DA:269,1
DA:270,1
DA:274,1
DA:276,2
DA:278,1
DA:280,1
DA:281,1
DA:283,1
DA:286,1
DA:289,1
DA:293,1
DA:295,1
DA:296,1
DA:297,1
DA:306,1
DA:309,1
DA:313,1
DA:315,1
DA:316,1
DA:317,1
DA:318,1
DA:326,1
DA:328,1
DA:329,1
DA:330,1
DA:331,1
DA:337,1
DA:341,1
DA:342,1
DA:343,1
DA:344,1
DA:345,1
DA:346,1
DA:347,1
DA:348,1
DA:349,1
DA:350,1
DA:351,1
DA:352,1
DA:354,1
DA:355,1
DA:356,1
LF:168
LH:168
BRDA:77,1,0,1
BRDA:77,1,1,1
BRDA:121,2,0,1
BRDA:121,2,1,1
BRDA:180,3,0,1
BRDA:180,3,1,1
BRDA:233,4,0,1
BRDA:233,4,1,1
BRDA:319,5,0,1
BRDA:319,5,1,1
BRDA:350,6,0,1
BRDA:350,6,1,1
BRDA:352,7,0,1
BRDA:352,7,1,1
BRF:14
BRH:14
end_of_record
TN:
SF:/Users/agiammarchi/git/hyperHTML-Element/cjs/index.js
FN:25,(anonymous_1)
FN:45,(anonymous_2)
FN:48,(anonymous_3)
FN:77,(anonymous_4)
FN:80,(anonymous_5)
FN:118,aCC
FN:143,cC
FN:164,(anonymous_8)
FN:184,(anonymous_9)
FN:208,(anonymous_10)
FN:253,(anonymous_11)
FN:268,(anonymous_12)
FN:277,(anonymous_13)
FN:281,(anonymous_14)
FN:284,(anonymous_15)
FN:289,(anonymous_16)
FN:296,(anonymous_17)
FN:318,(anonymous_18)
FN:331,(anonymous_19)
FN:339,(anonymous_20)
FN:349,checkReady
FN:364,invoke
FN:368,isPrototypeOf
FN:372,isReady
FNF:24
FNH:24
FNDA:16,(anonymous_1)
FNDA:1,(anonymous_2)
FNDA:4,(anonymous_3)
FNDA:3,(anonymous_4)
FNDA:7,(anonymous_5)
FNDA:4,aCC
FNDA:10,cC
FNDA:8,(anonymous_8)
FNDA:1,(anonymous_9)
FNDA:4,(anonymous_10)
FNDA:4,(anonymous_11)
FNDA:3,(anonymous_12)
FNDA:4,(anonymous_13)
FNDA:2,(anonymous_14)
FNDA:14,(anonymous_15)
FNDA:6,(anonymous_16)
FNDA:6,(anonymous_17)
FNDA:1,(anonymous_18)
FNDA:3,(anonymous_19)
FNDA:156,(anonymous_20)
FNDA:150,checkReady
FNDA:72,invoke
FNDA:3,isPrototypeOf
FNDA:72,isReady
DA:4,3
DA:7,3
DA:8,3
DA:9,3
DA:10,3
DA:11,3
DA:12,3
DA:13,3
DA:14,3
DA:15,3
DA:16,2
DA:17,3
DA:18,2
DA:26,16
DA:27,16
DA:29,16
DA:30,16
DA:39,16
DA:40,3
DA:42,1
DA:46,1
DA:49,4
DA:50,4
DA:51,1
DA:53,3
DA:54,4
DA:55,3
DA:69,16
DA:72,6
DA:74,1
DA:78,3
DA:81,7
DA:82,1
DA:84,6
DA:97,16
DA:98,16
DA:100,8
DA:113,8
DA:119,4
DA:120,2
DA:121,2
DA:122,1
DA:126,3
DA:127,2
DA:136,8
DA:137,8
DA:138,8
DA:144,10
DA:145,8
DA:146,8
DA:147,1
DA:149,9
DA:150,3
DA:155,8
DA:159,2
DA:167,8
DA:168,7
DA:178,16
DA:179,67
DA:180,1
DA:181,1
DA:182,1
DA:185,1
DA:199,16
DA:203,15
DA:209,4
DA:218,16
DA:219,1
DA:220,1
DA:221,1
DA:222,1
DA:223,9
DA:226,6
DA:232,1
DA:233,6
DA:239,1
DA:240,1
DA:241,1
DA:243,15
DA:245,16
DA:246,16
DA:254,4
DA:269,3
DA:281,2
DA:285,14
DA:290,6
DA:297,6
DA:298,6
DA:299,6
DA:300,6
DA:301,6
DA:307,3
DA:308,3
DA:309,3
DA:310,3
DA:311,3
DA:313,3
DA:314,3
DA:319,1
DA:324,3
DA:329,3
DA:332,3
DA:333,2
DA:334,2
DA:337,1
DA:340,156
DA:345,3
DA:346,1
DA:349,1
DA:350,150
DA:351,80
DA:352,9
DA:353,9
DA:354,9
DA:355,9
DA:358,70
DA:359,1
DA:360,70
DA:364,1
DA:365,72
DA:368,1
DA:369,3
DA:372,1
DA:373,72
DA:374,282
DA:376,70
DA:377,70
LF:127
LH:127
BRDA:13,1,0,3
BRDA:13,1,1,3
BRDA:14,2,0,3
BRDA:14,2,1,3
BRDA:15,3,0,3
BRDA:15,3,1,3
BRDA:15,3,2,3
BRDA:17,4,0,3
BRDA:17,4,1,3
BRDA:39,5,0,16
BRDA:39,5,1,13
BRDA:40,6,0,2
BRDA:40,6,1,1
BRDA:50,7,0,1
BRDA:50,7,1,3
BRDA:50,8,0,4
BRDA:50,8,1,3
BRDA:54,9,0,3
BRDA:54,9,1,1
BRDA:54,10,0,4
BRDA:54,10,1,3
BRDA:69,11,0,16
BRDA:69,11,1,11
BRDA:72,12,0,5
BRDA:72,12,1,1
BRDA:81,13,0,1
BRDA:81,13,1,6
BRDA:98,14,0,8
BRDA:98,14,1,8
BRDA:119,15,0,2
BRDA:119,15,1,2
BRDA:121,16,0,1
BRDA:121,16,1,1
BRDA:126,17,0,2
BRDA:126,17,1,1
BRDA:126,18,0,3
BRDA:126,18,1,2
BRDA:144,19,0,8
BRDA:144,19,1,2
BRDA:146,20,0,1
BRDA:146,20,1,7
BRDA:149,21,0,3
BRDA:149,21,1,6
BRDA:155,22,0,2
BRDA:155,22,1,6
BRDA:167,23,0,7
BRDA:167,23,1,1
BRDA:179,24,0,1
BRDA:179,24,1,66
BRDA:185,25,0,1
BRDA:185,25,1,1
BRDA:199,26,0,15
BRDA:199,26,1,1
BRDA:210,27,0,4
BRDA:210,27,1,3
BRDA:210,28,0,4
BRDA:210,28,1,1
BRDA:218,29,0,1
BRDA:218,29,1,15
BRDA:218,30,0,16
BRDA:218,30,1,1
BRDA:254,31,0,4
BRDA:254,31,1,3
BRDA:256,32,0,3
BRDA:256,32,1,3
BRDA:256,32,2,3
BRDA:285,33,0,14
BRDA:285,33,1,4
BRDA:298,34,0,1
BRDA:298,34,1,5
BRDA:300,35,0,5
BRDA:300,35,1,1
BRDA:314,36,0,2
BRDA:314,36,1,1
BRDA:332,37,0,2
BRDA:332,37,1,1
BRDA:345,38,0,1
BRDA:345,38,1,2
BRDA:350,39,0,80
BRDA:350,39,1,70
BRDA:350,40,0,150
BRDA:350,40,1,72
BRDA:351,41,0,9
BRDA:351,41,1,71
BRDA:353,42,0,1
BRDA:353,42,1,8
BRDA:355,43,0,1
BRDA:355,43,1,8
BRDA:358,44,0,1
BRDA:358,44,1,69
BRDA:374,45,0,2
BRDA:374,45,1,280
BRF:92
BRH:92
end_of_record
