TN:
SF:/home/webreflection/code/hyperHTML-Element/test.js
FN:13,(anonymous_1)
FN:17,(anonymous_2)
FN:22,(anonymous_3)
FN:26,(anonymous_4)
FN:30,(anonymous_5)
FN:54,(anonymous_6)
FN:58,(anonymous_7)
FN:62,(anonymous_8)
FN:66,(anonymous_9)
FN:88,(anonymous_10)
FN:91,(anonymous_11)
FN:94,(anonymous_12)
FN:102,(anonymous_13)
FN:103,(anonymous_14)
FN:115,(anonymous_15)
FN:124,(anonymous_16)
FN:127,(anonymous_17)
FN:139,(anonymous_18)
FN:154,(anonymous_19)
FN:157,(anonymous_20)
FN:170,(anonymous_21)
FN:183,(anonymous_22)
FN:184,(anonymous_23)
FN:201,(anonymous_24)
FN:202,(anonymous_25)
FN:215,(anonymous_26)
FN:227,(anonymous_27)
FN:244,(anonymous_28)
FN:247,(anonymous_29)
FN:276,(anonymous_30)
FN:277,(anonymous_31)
FNF:31
FNH:31
FNDA:2,(anonymous_1)
FNDA:1,(anonymous_2)
FNDA:1,(anonymous_3)
FNDA:1,(anonymous_4)
FNDA:2,(anonymous_5)
FNDA:3,(anonymous_6)
FNDA:1,(anonymous_7)
FNDA:2,(anonymous_8)
FNDA:2,(anonymous_9)
FNDA:2,(anonymous_10)
FNDA:1,(anonymous_11)
FNDA:1,(anonymous_12)
FNDA:1,(anonymous_13)
FNDA:2,(anonymous_14)
FNDA:1,(anonymous_15)
FNDA:2,(anonymous_16)
FNDA:1,(anonymous_17)
FNDA:1,(anonymous_18)
FNDA:2,(anonymous_19)
FNDA:1,(anonymous_20)
FNDA:1,(anonymous_21)
FNDA:2,(anonymous_22)
FNDA:1,(anonymous_23)
FNDA:1,(anonymous_24)
FNDA:1,(anonymous_25)
FNDA:2,(anonymous_26)
FNDA:1,(anonymous_27)
FNDA:1,(anonymous_28)
FNDA:1,(anonymous_29)
FNDA:1,(anonymous_30)
FNDA:1,(anonymous_31)
DA:1,1
DA:2,1
DA:4,1
DA:5,1
DA:6,1
DA:8,1
DA:10,1
DA:14,2
DA:18,1
DA:19,1
DA:23,1
DA:27,1
DA:31,2
DA:36,1
DA:38,1
DA:40,1
DA:41,1
DA:43,1
DA:44,1
DA:45,1
DA:47,1
DA:48,1
DA:49,1
DA:50,1
DA:55,3
DA:59,1
DA:63,2
DA:67,2
DA:72,1
DA:73,1
DA:74,1
DA:75,1
DA:76,1
DA:77,1
DA:78,1
DA:79,1
DA:83,1
DA:84,1
DA:85,1
DA:89,2
DA:92,1
DA:96,1
DA:97,1
DA:98,1
DA:102,1
DA:104,2
DA:107,1
DA:108,1
DA:109,1
DA:110,1
DA:111,1
DA:112,1
DA:116,1
DA:119,1
DA:120,1
DA:121,1
DA:125,2
DA:128,1
DA:132,1
DA:134,1
DA:135,1
DA:140,1
DA:145,1
DA:146,1
DA:147,1
DA:148,1
DA:149,1
DA:150,1
DA:155,2
DA:158,1
DA:162,1
DA:164,1
DA:165,1
DA:166,1
DA:170,1
DA:173,1
DA:175,1
DA:176,1
DA:183,2
DA:184,1
DA:187,1
DA:189,1
DA:190,1
DA:191,1
DA:192,1
DA:195,1
DA:196,1
DA:197,1
DA:201,1
DA:202,1
DA:205,1
DA:207,1
DA:208,1
DA:209,1
DA:210,1
DA:213,1
DA:215,2
DA:217,1
DA:219,1
DA:220,1
DA:222,1
DA:225,1
DA:228,1
DA:232,1
DA:234,1
DA:235,1
DA:236,1
DA:245,1
DA:248,1
DA:252,1
DA:254,1
DA:255,1
DA:256,1
DA:257,1
DA:265,1
DA:267,1
DA:268,1
DA:269,1
DA:270,1
DA:276,1
DA:280,1
DA:281,1
DA:282,1
DA:283,1
DA:284,1
DA:285,1
DA:286,1
DA:287,1
DA:288,1
DA:289,1
DA:290,1
DA:291,1
LF:132
LH:132
BRDA:45,1,0,1
BRDA:45,1,1,1
BRDA:78,2,0,1
BRDA:78,2,1,1
BRDA:128,3,0,1
BRDA:128,3,1,1
BRDA:177,4,0,1
BRDA:177,4,1,1
BRDA:258,5,0,1
BRDA:258,5,1,1
BRDA:289,6,0,1
BRDA:289,6,1,1
BRDA:291,7,0,1
BRDA:291,7,1,1
BRF:14
BRH:14
end_of_record
TN:
SF:/home/webreflection/code/hyperHTML-Element/index.js
FN:10,(anonymous_1)
FN:27,(anonymous_2)
FN:28,(anonymous_3)
FN:62,(anonymous_4)
FN:85,(anonymous_5)
FN:104,(anonymous_6)
FN:124,(anonymous_7)
FN:148,(anonymous_8)
FN:166,(anonymous_9)
FN:181,(anonymous_10)
FN:190,(anonymous_11)
FN:194,(anonymous_12)
FN:197,(anonymous_13)
FN:202,(anonymous_14)
FN:209,(anonymous_15)
FN:220,extend
FNF:16
FNH:16
FNDA:15,(anonymous_1)
FNDA:3,(anonymous_2)
FNDA:6,(anonymous_3)
FNDA:3,(anonymous_4)
FNDA:9,(anonymous_5)
FNDA:4,(anonymous_6)
FNDA:1,(anonymous_7)
FNDA:3,(anonymous_8)
FNDA:4,(anonymous_9)
FNDA:3,(anonymous_10)
FNDA:4,(anonymous_11)
FNDA:2,(anonymous_12)
FNDA:14,(anonymous_13)
FNDA:6,(anonymous_14)
FNDA:5,(anonymous_15)
FNDA:5,extend
DA:1,1
DA:3,1
DA:5,1
DA:11,15
DA:12,15
DA:21,15
DA:22,6
DA:24,1
DA:27,3
DA:28,6
DA:33,15
DA:34,15
DA:41,15
DA:42,15
DA:44,8
DA:57,8
DA:63,3
DA:64,1
DA:68,3
DA:69,2
DA:78,8
DA:79,8
DA:80,8
DA:86,9
DA:87,8
DA:89,9
DA:90,3
DA:95,7
DA:99,2
DA:107,4
DA:108,3
DA:118,15
DA:119,62
DA:120,1
DA:121,1
DA:122,1
DA:125,1
DA:139,15
DA:143,14
DA:149,3
DA:158,15
DA:159,15
DA:167,4
DA:182,3
DA:194,2
DA:198,14
DA:203,6
DA:210,5
DA:215,5
DA:220,1
DA:221,5
DA:222,5
DA:227,1
DA:229,1
DA:232,1
LF:55
LH:55
BRDA:21,1,0,15
BRDA:21,1,1,10
BRDA:22,2,0,5
BRDA:22,2,1,1
BRDA:42,3,0,8
BRDA:42,3,1,7
BRDA:63,4,0,1
BRDA:63,4,1,2
BRDA:68,5,0,2
BRDA:68,5,1,1
BRDA:68,6,0,3
BRDA:68,6,1,2
BRDA:86,7,0,8
BRDA:86,7,1,1
BRDA:89,8,0,3
BRDA:89,8,1,6
BRDA:95,9,0,2
BRDA:95,9,1,5
BRDA:107,10,0,3
BRDA:107,10,1,1
BRDA:119,11,0,1
BRDA:119,11,1,61
BRDA:125,12,0,1
BRDA:125,12,1,1
BRDA:139,13,0,14
BRDA:139,13,1,1
BRDA:150,14,0,3
BRDA:150,14,1,2
BRDA:150,15,0,3
BRDA:150,15,1,1
BRDA:167,16,0,4
BRDA:167,16,1,3
BRDA:169,17,0,3
BRDA:169,17,1,3
BRDA:169,17,2,3
BRDA:198,18,0,14
BRDA:198,18,1,4
BRDA:212,19,0,1
BRDA:212,19,1,4
BRDA:232,20,0,1
BRDA:232,20,1,1
BRF:41
BRH:41
end_of_record
